./main
Escrevendo AMERICANA$$$:28086
Escrevendo AMERICANA$$$:30901
Escrevendo AMERICANA$$$:78470
Escrevendo AMERICANA$$$:91094
Escrevendo APARECIDA$$$:57211
Escrevendo ARACARIGUAMA:33922
Escrevendo ARACARIGUAMA:34672
Escrevendo ARACARIGUAMA:44282
Escrevendo ARACARIGUAMA:59441
Escrevendo ARACARIGUAMA:78922
Escrevendo ARACARIGUAMA:100054
Escrevendo ARACATUBA$$$:5868
Escrevendo ARACATUBA$$$:21014
Escrevendo ARACATUBA$$$:93702
Escrevendo ARAMINA$$$$$:11055
Escrevendo ARARAQUARA$$:57966
Escrevendo ARARAS$$$$$$:80773
Escrevendo ARTUR NOGUEI:24125
Escrevendo ARTUR NOGUEI:34037
Escrevendo ARUJA$$$$$$$:35837
Escrevendo ARUJA$$$$$$$:61195
Escrevendo ASSIS$$$$$$$:28368
Escrevendo ATIBAIA$$$$$:76905
Escrevendo AVANHANDAVA$:45338
Escrevendo BARRETOS$$$$:8477
Escrevendo BARRINHA$$$$:36038
Escrevendo BARUERI$$$$$:36388
Escrevendo BARUERI$$$$$:39310
Escrevendo BARUERI$$$$$:61474
Escrevendo BARUERI$$$$$:65626
Escrevendo BARUERI$$$$$:86521
Escrevendo BARUERI$$$$$:87724
Escrevendo BARUERI$$$$$:87859
Escrevendo BARUERI$$$$$:96843
Escrevendo BATATAIS$$$$:171
Escrevendo BATATAIS$$$$:13279
Escrevendo BAURU$$$$$$$:20326
Escrevendo BAURU$$$$$$$:41189
Escrevendo BAURU$$$$$$$:97967
Escrevendo BERTIOGA$$$$:46735
Escrevendo BIRIGUI$$$$$:29294
Escrevendo BIRIGUI$$$$$:71677
Escrevendo BOITUVA$$$$$:30291
Escrevendo BOITUVA$$$$$:37414
Escrevendo BRAGANCA PAU:18471
Escrevendo BURITAMA$$$$:77251
Escrevendo CACAPAVA$$$$:10669
Escrevendo CACAPAVA$$$$:11546
Escrevendo CACAPAVA$$$$:97741
Escrevendo CAIEIRAS$$$$:43470
Escrevendo CAJAMAR$$$$$:60925
Escrevendo CAJAMAR$$$$$:100701
Escrevendo CAJATI$$$$$$:54058
Escrevendo CAMPINAS$$$$:4865
Escrevendo CAMPINAS$$$$:6458
Escrevendo CAMPINAS$$$$:11258
Escrevendo CAMPINAS$$$$:14909
Escrevendo CAMPINAS$$$$:18190
Escrevendo CAMPINAS$$$$:24052
Escrevendo CAMPINAS$$$$:24541
Escrevendo CAMPINAS$$$$:29227
Escrevendo CAMPINAS$$$$:31687
Escrevendo CAMPINAS$$$$:34114
Escrevendo CAMPINAS$$$$:39076
Escrevendo CAMPINAS$$$$:41122
Escrevendo CAMPINAS$$$$:44463
Escrevendo CAMPINAS$$$$:45061
Escrevendo CAMPINAS$$$$:45529
Escrevendo CAMPINAS$$$$:48709
Escrevendo CAMPINAS$$$$:49372
Escrevendo CAMPINAS$$$$:52164
Escrevendo CAMPINAS$$$$:53680
Escrevendo CAMPINAS$$$$:60371
Escrevendo CAMPINAS$$$$:63498
Escrevendo CAMPINAS$$$$:65483
Escrevendo CAMPINAS$$$$:70642
Escrevendo CAMPINAS$$$$:72099
Escrevendo CAMPINAS$$$$:72764
Escrevendo CAMPINAS$$$$:74923
Escrevendo CAMPINAS$$$$:76099
Escrevendo CAMPINAS$$$$:79172
Escrevendo CAMPINAS$$$$:79239
Escrevendo CAMPINAS$$$$:83275
Escrevendo CAMPINAS$$$$:84144
Escrevendo CAMPINAS$$$$:93634
Escrevendo CAMPINAS$$$$:94924
Escrevendo CAMPINAS$$$$:96329
Escrevendo CAMPINAS$$$$:97827
Escrevendo CAMPINAS$$$$:99071
Escrevendo CAMPINAS$$$$:99456
Escrevendo CAMPO LIMPO :91997
Escrevendo CAMPO LIMPO :98422
Escrevendo CAPAO BONITO:27913
Escrevendo CARAGUATATUB:20783
Escrevendo CARAGUATATUB:28912
Escrevendo CARAGUATATUB:36245
Escrevendo CARAGUATATUB:38468
Escrevendo CARAGUATATUB:48981
Escrevendo CARAGUATATUB:52746
Escrevendo CARAPICUIBA$:1456
Escrevendo CARAPICUIBA$:2667
Escrevendo CARAPICUIBA$:8544
Escrevendo CARAPICUIBA$:12615
Escrevendo CARAPICUIBA$:25096
Escrevendo CARAPICUIBA$:27048
Escrevendo CARAPICUIBA$:35053
Escrevendo CARAPICUIBA$:37140
Escrevendo CARAPICUIBA$:37893
Escrevendo CARAPICUIBA$:47464
Escrevendo CARAPICUIBA$:55139
Escrevendo CARAPICUIBA$:55753
Escrevendo CARAPICUIBA$:63913
Escrevendo CARAPICUIBA$:70029
Escrevendo CARAPICUIBA$:78400
Escrevendo CARAPICUIBA$:84660
Escrevendo CARAPICUIBA$:96909
Escrevendo CARAPICUIBA$:99283
Escrevendo CATANDUVA$$$:64962
Escrevendo CATANDUVA$$$:91523
Escrevendo CERQUILHO$$$:28192
Escrevendo COSMOPOLIS$$:5276
Escrevendo COTIA$$$$$$$:42259
Escrevendo COTIA$$$$$$$:52386
Escrevendo COTIA$$$$$$$:59324
Escrevendo COTIA$$$$$$$:78542
Escrevendo COTIA$$$$$$$:79451
Escrevendo COTIA$$$$$$$:80640
Escrevendo COTIA$$$$$$$:85362
Escrevendo COTIA$$$$$$$:97676
Escrevendo COTIA$$$$$$$:100768
Escrevendo CRUZEIRO$$$$:70430
Escrevendo DESCALVADO$$:35901
Escrevendo DIADEMA$$$$$:1386
Escrevendo DIADEMA$$$$$:5789
Escrevendo DIADEMA$$$$$:9597
Escrevendo DIADEMA$$$$$:13212
Escrevendo DIADEMA$$$$$:13741
Escrevendo DIADEMA$$$$$:15311
Escrevendo DIADEMA$$$$$:17275
Escrevendo DIADEMA$$$$$:23262
Escrevendo DIADEMA$$$$$:24475
Escrevendo DIADEMA$$$$$:34413
Escrevendo DIADEMA$$$$$:39944
Escrevendo DIADEMA$$$$$:49870
Escrevendo DIADEMA$$$$$:51755
Escrevendo DIADEMA$$$$$:68629
Escrevendo DIADEMA$$$$$:85430
Escrevendo DIADEMA$$$$$:85664
Escrevendo DIADEMA$$$$$:94304
Escrevendo DIADEMA$$$$$:95693
Escrevendo DRACENA$$$$$:4145
Escrevendo DRACENA$$$$$:70513
Escrevendo EMBU DAS ART:1129
Escrevendo EMBU DAS ART:5712
Escrevendo EMBU DAS ART:22879
Escrevendo EMBU DAS ART:42837
Escrevendo EMBU DAS ART:58247
Escrevendo EMBU-GUACU$$:11459
Escrevendo EMBU-GUACU$$:19727
Escrevendo ESPIRITO SAN:80980
Escrevendo FERRAZ DE VA:10208
Escrevendo FERRAZ DE VA:17774
Escrevendo FERRAZ DE VA:26866
Escrevendo FERRAZ DE VA:34592
Escrevendo FERRAZ DE VA:81490
Escrevendo FERRAZ DE VA:96470
Escrevendo FRANCA$$$$$$:25243
Escrevendo FRANCA$$$$$$:53897
Escrevendo FRANCISCO MO:12468
Escrevendo FRANCISCO MO:69829
Escrevendo FRANCISCO MO:73732
Escrevendo FRANCISCO MO:78689
Escrevendo FRANCISCO MO:83816
Escrevendo FRANCO DA RO:2084
Escrevendo FRANCO DA RO:3874
Escrevendo FRANCO DA RO:61985
Escrevendo FRANCO DA RO:86865
Escrevendo FRANCO DA RO:96979
Escrevendo GUARACI$$$$$:65556
Escrevendo GUARATINGUET:6982
Escrevendo GUARATINGUET:49185
Escrevendo GUARATINGUET:81983
Escrevendo GUAREI$$$$$$:58523
Escrevendo GUAREI$$$$$$:76166
Escrevendo GUARUJA$$$$$:6569
Escrevendo GUARUJA$$$$$:11393
Escrevendo GUARUJA$$$$$:18335
Escrevendo GUARUJA$$$$$:30508
Escrevendo GUARUJA$$$$$:32674
Escrevendo GUARUJA$$$$$:41955
Escrevendo GUARUJA$$$$$:58680
Escrevendo GUARUJA$$$$$:59254
Escrevendo GUARUJA$$$$$:67006
Escrevendo GUARUJA$$$$$:67346
Escrevendo GUARUJA$$$$$:69188
Escrevendo GUARUJA$$$$$:74323
Escrevendo GUARUJA$$$$$:77923
Escrevendo GUARUJA$$$$$:78330
Escrevendo GUARUJA$$$$$:87453
Escrevendo GUARUJA$$$$$:95627
Escrevendo GUARUJA$$$$$:97196
Escrevendo GUARUJA$$$$$:99906
Escrevendo GUARULHOS$$$:10364
Escrevendo GUARULHOS$$$:11962
Escrevendo GUARULHOS$$$:13007
Escrevendo GUARULHOS$$$:21803
Escrevendo GUARULHOS$$$:26785
Escrevendo GUARULHOS$$$:27728
Escrevendo GUARULHOS$$$:30357
Escrevendo GUARULHOS$$$:38608
Escrevendo GUARULHOS$$$:39808
Escrevendo GUARULHOS$$$:42191
Escrevendo GUARULHOS$$$:44534
Escrevendo GUARULHOS$$$:52052
Escrevendo GUARULHOS$$$:52561
Escrevendo GUARULHOS$$$:54683
Escrevendo GUARULHOS$$$:55685
Escrevendo GUARULHOS$$$:57754
Escrevendo GUARULHOS$$$:64685
Escrevendo GUARULHOS$$$:65853
Escrevendo GUARULHOS$$$:66768
Escrevendo GUARULHOS$$$:70226
Escrevendo GUARULHOS$$$:70863
Escrevendo GUARULHOS$$$:71205
Escrevendo GUARULHOS$$$:71475
Escrevendo GUARULHOS$$$:71747
Escrevendo GUARULHOS$$$:74783
Escrevendo GUARULHOS$$$:75323
Escrevendo GUARULHOS$$$:76457
Escrevendo GUARULHOS$$$:95896
Escrevendo GUARULHOS$$$:96554
Escrevendo GUARULHOS$$$:98065
Escrevendo GUATAPARA$$$:88152
Escrevendo HORTOLANDIA$:7822
Escrevendo HORTOLANDIA$:20465
Escrevendo HORTOLANDIA$:42324
Escrevendo HORTOLANDIA$:87066
Escrevendo HORTOLANDIA$:97322
Escrevendo IBITINGA$$$$:16509
Escrevendo ILHA COMPRID:74251
Escrevendo ILHA COMPRID:102005
Escrevendo ILHA SOLTEIR:43981
Escrevendo ILHA SOLTEIR:49300
Escrevendo ILHABELA$$$$:36321
Escrevendo ILHABELA$$$$:87136
Escrevendo IPORANGA$$$$:88085
Escrevendo ITANHAEM$$$$:20241
Escrevendo ITANHAEM$$$$:26049
Escrevendo ITANHAEM$$$$:33015
Escrevendo ITANHAEM$$$$:49628
Escrevendo ITANHAEM$$$$:54533
Escrevendo ITANHAEM$$$$:66201
Escrevendo ITANHAEM$$$$:89829
Escrevendo ITAPECERICA :44602
Escrevendo ITAPECERICA :51821
Escrevendo ITAPECERICA :99545
Escrevendo ITAPEVI$$$$$:81740
Escrevendo ITAPEVI$$$$$:85598
Escrevendo ITAQUAQUECET:2158
Escrevendo ITAQUAQUECET:33591
Escrevendo ITAQUAQUECET:40724
Escrevendo ITAQUAQUECET:41810
Escrevendo ITAQUAQUECET:45596
Escrevendo ITAQUAQUECET:47950
Escrevendo ITAQUAQUECET:60702
Escrevendo ITAQUAQUECET:61668
Escrevendo ITAQUAQUECET:64829
Escrevendo ITAQUAQUECET:73590
Escrevendo ITAQUAQUECET:85755
Escrevendo ITAQUAQUECET:92077
Escrevendo ITAQUAQUECET:93314
Escrevendo ITARARE$$$$$:30429
Escrevendo ITATIBA$$$$$:18401
Escrevendo ITATIBA$$$$$:67703
Escrevendo ITU$$$$$$$$$:46544
Escrevendo ITU$$$$$$$$$:89516
Escrevendo ITUVERAVA$$$:26294
Escrevendo JABOTICABAL$:41253
Escrevendo JABOTICABAL$:95259
Escrevendo JACAREI$$$$$:74423
Escrevendo JAGUARIUNA$$:6500
Escrevendo JAGUARIUNA$$:32605
Escrevendo JAGUARIUNA$$:46379
Escrevendo JAGUARIUNA$$:48161
Escrevendo JAGUARIUNA$$:88614
Escrevendo JALES$$$$$$$:69255
Escrevendo JANDIRA$$$$$:16648
Escrevendo JANDIRA$$$$$:43843
Escrevendo JAU$$$$$$$$$:15164
Escrevendo JAU$$$$$$$$$:92958
Escrevendo JAU$$$$$$$$$:97100
Escrevendo JOSE BONIFAC:47606
Escrevendo JOSE BONIFAC:81148
Escrevendo JUNDIAI$$$$$:1655
Escrevendo JUNDIAI$$$$$:18852
Escrevendo JUNDIAI$$$$$:44144
Escrevendo JUNDIAI$$$$$:81806
Escrevendo JUNDIAI$$$$$:94089
Escrevendo LINS$$$$$$$$:58460
Escrevendo LINS$$$$$$$$:68574
Escrevendo LORENA$$$$$$:85020
Escrevendo LOUVEIRA$$$$:14721
Escrevendo MACATUBA$$$$:92518
Escrevendo MARILIA$$$$$:6106
Escrevendo MARILIA$$$$$:8436
Escrevendo MARILIA$$$$$:40085
Escrevendo MATAO$$$$$$$:101438
Escrevendo MAUA$$$$$$$$:10736
Escrevendo MAUA$$$$$$$$:54616
Escrevendo MAUA$$$$$$$$:72625
Escrevendo MAUA$$$$$$$$:88929
Escrevendo MIRANDOPOLIS:45872
Escrevendo MIRASSOL$$$$:7964
Escrevendo MOCOCA$$$$$$:7411
Escrevendo MOGI DAS CRU:15048
Escrevendo MOGI DAS CRU:21924
Escrevendo MOGI DAS CRU:30642
Escrevendo MOGI DAS CRU:63170
Escrevendo MOGI DAS CRU:64421
Escrevendo MOGI DAS CRU:72309
Escrevendo MOGI DAS CRU:73444
Escrevendo MOGI DAS CRU:81416
Escrevendo MOGI DAS CRU:90704
Escrevendo MOGI MIRIM$$:27186
Escrevendo MOGI MIRIM$$:30760
Escrevendo MOGI MIRIM$$:59683
Escrevendo MOGI MIRIM$$:79559
Escrevendo MONGAGUA$$$$:15122
Escrevendo MONGAGUA$$$$:29056
Escrevendo MONGAGUA$$$$:31890
Escrevendo MONGAGUA$$$$:47738
Escrevendo MONGAGUA$$$$:50492
Escrevendo MONGAGUA$$$$:50828
Escrevendo MONGAGUA$$$$:52890
Escrevendo MONGAGUA$$$$:72032
Escrevendo MONGAGUA$$$$:89229
Escrevendo NIPOA$$$$$$$:36109
Escrevendo NOVA ODESSA$:80215
Escrevendo OSASCO$$$$$$:597
Escrevendo OSASCO$$$$$$:10990
Escrevendo OSASCO$$$$$$:16023
Escrevendo OSASCO$$$$$$:19868
Escrevendo OSASCO$$$$$$:24198
Escrevendo OSASCO$$$$$$:32950
Escrevendo OSASCO$$$$$$:33424
Escrevendo OSASCO$$$$$$:34827
Escrevendo OSASCO$$$$$$:35728
Escrevendo OSASCO$$$$$$:39143
Escrevendo OSASCO$$$$$$:47012
Escrevendo OSASCO$$$$$$:48848
Escrevendo OSASCO$$$$$$:53033
Escrevendo OSASCO$$$$$$:63101
Escrevendo OSASCO$$$$$$:73366
Escrevendo OSASCO$$$$$$:76704
Escrevendo OSASCO$$$$$$:78206
Escrevendo OSASCO$$$$$$:80571
Escrevendo OSASCO$$$$$$:83751
Escrevendo OSASCO$$$$$$:91029
Escrevendo OSASCO$$$$$$:94024
Escrevendo OSASCO$$$$$$:94446
Escrevendo OSASCO$$$$$$:94651
Escrevendo OSASCO$$$$$$:95194
Escrevendo OSASCO$$$$$$:99391
Escrevendo OSASCO$$$$$$:101100
Escrevendo OSASCO$$$$$$:101373
Escrevendo PEDERNEIRAS$:74075
Escrevendo PEDERNEIRAS$:100631
Escrevendo PEDREIRA$$$$:33294
Escrevendo PERUIBE$$$$$:27843
Escrevendo PERUIBE$$$$$:37002
Escrevendo PERUIBE$$$$$:42112
Escrevendo PINDAMONHANG:3995
Escrevendo PINDAMONHANG:96396
Escrevendo PIRACICABA$$:32322
Escrevendo PIRACICABA$$:42395
Escrevendo PIRACICABA$$:62997
Escrevendo PIRAJUI$$$$$:14147
Escrevendo PIRAJUI$$$$$:15515
Escrevendo PIRAJUI$$$$$:17524
Escrevendo PIRAJUI$$$$$:35267
Escrevendo PIRAJUI$$$$$:46874
Escrevendo PIRAJUI$$$$$:98168
Escrevendo PIRASSUNUNGA:89364
Escrevendo POA$$$$$$$$$:62460
Escrevendo PONTAL$$$$$$:19067
Escrevendo PRAIA GRANDE:10432
Escrevendo PRAIA GRANDE:30084
Escrevendo PRAIA GRANDE:45742
Escrevendo PRAIA GRANDE:47875
Escrevendo PRAIA GRANDE:56195
Escrevendo PRAIA GRANDE:57279
Escrevendo PRAIA GRANDE:63359
Escrevendo PRAIA GRANDE:75034
Escrevendo PRAIA GRANDE:76028
Escrevendo PRAIA GRANDE:86119
Escrevendo PRAIA GRANDE:93850
Escrevendo PRESIDENTE P:42759
Escrevendo PRESIDENTE P:69976
Escrevendo PRESIDENTE P:99828
Escrevendo REGENTE FEIJ:86194
Escrevendo REGISTRO$$$$:32534
Escrevendo REGISTRO$$$$:68695
Escrevendo REGISTRO$$$$:81240
Escrevendo RESTINGA$$$$:38965
Escrevendo RESTINGA$$$$:44352
Escrevendo RIBEIRAO PRE:489
Escrevendo RIBEIRAO PRE:1245
Escrevendo RIBEIRAO PRE:9073
Escrevendo RIBEIRAO PRE:9523
Escrevendo RIBEIRAO PRE:25389
Escrevendo RIBEIRAO PRE:28291
Escrevendo RIBEIRAO PRE:29554
Escrevendo RIBEIRAO PRE:29717
Escrevendo RIBEIRAO PRE:59068
Escrevendo RIBEIRAO PRE:61755
Escrevendo RIBEIRAO PRE:75109
Escrevendo RIBEIRAO PRE:75250
Escrevendo RIBEIRAO PRE:84296
Escrevendo RIBEIRAO PRE:84385
Escrevendo RIBEIRAO PRE:89896
Escrevendo RIBEIRAO PRE:90394
Escrevendo RIO CLARO$$$:43537
Escrevendo RIO CLARO$$$:67769
Escrevendo RIOLANDIA$$$:27660
Escrevendo SALTO DE PIR:65710
Escrevendo SANTA ISABEL:20390
Escrevendo SANTA ISABEL:50870
Escrevendo SANTANA DE P:46491
Escrevendo SANTANA DE P:59388
Escrevendo SANTANA DE P:85833
Escrevendo SANTO ANDRE$:2233
Escrevendo SANTO ANDRE$:2600
Escrevendo SANTO ANDRE$:3206
Escrevendo SANTO ANDRE$:3527
Escrevendo SANTO ANDRE$:4464
Escrevendo SANTO ANDRE$:9385
Escrevendo SANTO ANDRE$:10799
Escrevendo SANTO ANDRE$:14353
Escrevendo SANTO ANDRE$:29899
Escrevendo SANTO ANDRE$:33224
Escrevendo SANTO ANDRE$:41366
Escrevendo SANTO ANDRE$:41885
Escrevendo SANTO ANDRE$:47805
Escrevendo SANTO ANDRE$:54863
Escrevendo SANTO ANDRE$:55069
Escrevendo SANTO ANDRE$:56406
Escrevendo SANTO ANDRE$:56737
Escrevendo SANTO ANDRE$:57141
Escrevendo SANTO ANDRE$:58858
Escrevendo SANTO ANDRE$:61404
Escrevendo SANTO ANDRE$:63980
Escrevendo SANTO ANDRE$:80910
Escrevendo SANTO ANDRE$:82192
Escrevendo SANTO ANDRE$:85254
Escrevendo SANTO ANDRE$:88748
Escrevendo SANTO ANDRE$:90442
Escrevendo SANTO ANDRE$:91166
Escrevendo SANTO ANDRE$:97448
Escrevendo SANTO ANDRE$:98238
Escrevendo SANTO ANTONI:64500
Escrevendo SANTOS$$$$$$:4293
Escrevendo SANTOS$$$$$$:4604
Escrevendo SANTOS$$$$$$:7156
Escrevendo SANTOS$$$$$$:8167
Escrevendo SANTOS$$$$$$:13676
Escrevendo SANTOS$$$$$$:14445
Escrevendo SANTOS$$$$$$:24337
Escrevendo SANTOS$$$$$$:41057
Escrevendo SANTOS$$$$$$:67141
Escrevendo SANTOS$$$$$$:71274
Escrevendo SANTOS$$$$$$:71543
Escrevendo SANTOS$$$$$$:82059
Escrevendo SANTOS$$$$$$:88683
Escrevendo SANTOS$$$$$$:98904
Escrevendo SAO BERNARDO:801
Escrevendo SAO BERNARDO:968
Escrevendo SAO BERNARDO:6778
Escrevendo SAO BERNARDO:7356
Escrevendo SAO BERNARDO:12060
Escrevendo SAO BERNARDO:23328
Escrevendo SAO BERNARDO:27984
Escrevendo SAO BERNARDO:36888
Escrevendo SAO BERNARDO:38286
Escrevendo SAO BERNARDO:38813
Escrevendo SAO BERNARDO:60164
Escrevendo SAO BERNARDO:65114
Escrevendo SAO BERNARDO:65267
Escrevendo SAO BERNARDO:75744
Escrevendo SAO BERNARDO:86943
Escrevendo SAO BERNARDO:98324
Escrevendo SAO BERNARDO:98684
Escrevendo SAO CAETANO :254
Escrevendo SAO CAETANO :55827
Escrevendo SAO CARLOS$$:42600
Escrevendo SAO CARLOS$$:53311
Escrevendo SAO CRUZ DO :5481
Escrevendo SAO CRUZ DO :5983
Escrevendo SAO CRUZ DO :69749
Escrevendo SAO GERTRUDE:88220
Escrevendo SAO JOAO DA :51396
Escrevendo SAO JOAQUIM :57087
Escrevendo SAO JOAQUIM :60439
Escrevendo SAO JOAQUIM :65799
Escrevendo SAO JOSE DO :10507
Escrevendo SAO JOSE DO :35555
Escrevendo SAO JOSE DO :48298
Escrevendo SAO JOSE DO :79959
Escrevendo SAO JOSE DO :93770
Escrevendo SAO JOSE DO :96105
Escrevendo SAO JOSE DO :100224
Escrevendo SAO JOSE DOS:3060
Escrevendo SAO JOSE DOS:10937
Escrevendo SAO JOSE DOS:21264
Escrevendo SAO JOSE DOS:21846
Escrevendo SAO JOSE DOS:25684
Escrevendo SAO JOSE DOS:25971
Escrevendo SAO JOSE DOS:35405
Escrevendo SAO JOSE DOS:45451
Escrevendo SAO JOSE DOS:53448
Escrevendo SAO JOSE DOS:53530
Escrevendo SAO JOSE DOS:57350
Escrevendo SAO JOSE DOS:78607
Escrevendo SAO JOSE DOS:84730
Escrevendo SAO JOSE DOS:85060
Escrevendo SAO JOSE DOS:92905
Escrevendo SAO MIGUEL A:25166
Escrevendo SAO PAULO$$$:17
Escrevendo SAO PAULO$$$:103
Escrevendo SAO PAULO$$$:349
Escrevendo SAO PAULO$$$:421
Escrevendo SAO PAULO$$$:662
Escrevendo SAO PAULO$$$:896
Escrevendo SAO PAULO$$$:1048
Escrevendo SAO PAULO$$$:1202
Escrevendo SAO PAULO$$$:1318
Escrevendo SAO PAULO$$$:1544
Escrevendo SAO PAULO$$$:1612
Escrevendo SAO PAULO$$$:1784
Escrevendo SAO PAULO$$$:1981
Escrevendo SAO PAULO$$$:2303
Escrevendo SAO PAULO$$$:2430
Escrevendo SAO PAULO$$$:2498
Escrevendo SAO PAULO$$$:2741
Escrevendo SAO PAULO$$$:2809
Escrevendo SAO PAULO$$$:2881
Escrevendo SAO PAULO$$$:2970
Escrevendo SAO PAULO$$$:3138
Escrevendo SAO PAULO$$$:3276
Escrevendo SAO PAULO$$$:3344
Escrevendo SAO PAULO$$$:3387
Escrevendo SAO PAULO$$$:3459
Escrevendo SAO PAULO$$$:3601
Escrevendo SAO PAULO$$$:3669
Escrevendo SAO PAULO$$$:3737
Escrevendo SAO PAULO$$$:3806
Escrevendo SAO PAULO$$$:3952
Escrevendo SAO PAULO$$$:4073
Escrevendo SAO PAULO$$$:4211
Escrevendo SAO PAULO$$$:4396
Escrevendo SAO PAULO$$$:4534
Escrevendo SAO PAULO$$$:4673
Escrevendo SAO PAULO$$$:4741
Escrevendo SAO PAULO$$$:4822
Escrevendo SAO PAULO$$$:4995
Escrevendo SAO PAULO$$$:5063
Escrevendo SAO PAULO$$$:5135
Escrevendo SAO PAULO$$$:5204
Escrevendo SAO PAULO$$$:5345
Escrevendo SAO PAULO$$$:5413
Escrevendo SAO PAULO$$$:5560
Escrevendo SAO PAULO$$$:6063
Escrevendo SAO PAULO$$$:6203
Escrevendo SAO PAULO$$$:6275
Escrevendo SAO PAULO$$$:6343
Escrevendo SAO PAULO$$$:6386
Escrevendo SAO PAULO$$$:6706
Escrevendo SAO PAULO$$$:6910
Escrevendo SAO PAULO$$$:7054
Escrevendo SAO PAULO$$$:7284
Escrevendo SAO PAULO$$$:7547
Escrevendo SAO PAULO$$$:7615
Escrevendo SAO PAULO$$$:7683
Escrevendo SAO PAULO$$$:7896
Escrevendo SAO PAULO$$$:8031
Escrevendo SAO PAULO$$$:8099
Escrevendo SAO PAULO$$$:8232
Escrevendo SAO PAULO$$$:8300
Escrevendo SAO PAULO$$$:8393
Escrevendo SAO PAULO$$$:8614
Escrevendo SAO PAULO$$$:8754
Escrevendo SAO PAULO$$$:8826
Escrevendo SAO PAULO$$$:8869
Escrevendo SAO PAULO$$$:8937
Escrevendo SAO PAULO$$$:9005
Escrevendo SAO PAULO$$$:9121
Escrevendo SAO PAULO$$$:9189
Escrevendo SAO PAULO$$$:9257
Escrevendo SAO PAULO$$$:9455
Escrevendo SAO PAULO$$$:9664
Escrevendo SAO PAULO$$$:9732
Escrevendo SAO PAULO$$$:9800
Escrevendo SAO PAULO$$$:9924
Escrevendo SAO PAULO$$$:9992
Escrevendo SAO PAULO$$$:10131
Escrevendo SAO PAULO$$$:10292
Escrevendo SAO PAULO$$$:10869
Escrevendo SAO PAULO$$$:11121
Escrevendo SAO PAULO$$$:11190
Escrevendo SAO PAULO$$$:11325
Escrevendo SAO PAULO$$$:11503
Escrevendo SAO PAULO$$$:11648
Escrevendo SAO PAULO$$$:11720
Escrevendo SAO PAULO$$$:11792
Escrevendo SAO PAULO$$$:11860
Escrevendo SAO PAULO$$$:12140
Escrevendo SAO PAULO$$$:12183
Escrevendo SAO PAULO$$$:12264
Escrevendo SAO PAULO$$$:12332
Escrevendo SAO PAULO$$$:12400
Escrevendo SAO PAULO$$$:12543
Escrevendo SAO PAULO$$$:12736
Escrevendo SAO PAULO$$$:12905
Escrevendo SAO PAULO$$$:13076
Escrevendo SAO PAULO$$$:13144
Escrevendo SAO PAULO$$$:13362
Escrevendo SAO PAULO$$$:13430
Escrevendo SAO PAULO$$$:13536
Escrevendo SAO PAULO$$$:13608
Escrevendo SAO PAULO$$$:13807
Escrevendo SAO PAULO$$$:13938
Escrevendo SAO PAULO$$$:14007
Escrevendo SAO PAULO$$$:14075
Escrevendo SAO PAULO$$$:14217
Escrevendo SAO PAULO$$$:14285
Escrevendo SAO PAULO$$$:14510
Escrevendo SAO PAULO$$$:14579
Escrevendo SAO PAULO$$$:14841
Escrevendo SAO PAULO$$$:15239
Escrevendo SAO PAULO$$$:15447
Escrevendo SAO PAULO$$$:15585
Escrevendo SAO PAULO$$$:15687
Escrevendo SAO PAULO$$$:15755
Escrevendo SAO PAULO$$$:15887
Escrevendo SAO PAULO$$$:15955
Escrevendo SAO PAULO$$$:16088
Escrevendo SAO PAULO$$$:16156
Escrevendo SAO PAULO$$$:16237
Escrevendo SAO PAULO$$$:16373
Escrevendo SAO PAULO$$$:16441
Escrevendo SAO PAULO$$$:16580
Escrevendo SAO PAULO$$$:16714
Escrevendo SAO PAULO$$$:16795
Escrevendo SAO PAULO$$$:16867
Escrevendo SAO PAULO$$$:16935
Escrevendo SAO PAULO$$$:17003
Escrevendo SAO PAULO$$$:17071
Escrevendo SAO PAULO$$$:17139
Escrevendo SAO PAULO$$$:17207
Escrevendo SAO PAULO$$$:17341
Escrevendo SAO PAULO$$$:17431
Escrevendo SAO PAULO$$$:17678
Escrevendo SAO PAULO$$$:17858
Escrevendo SAO PAULO$$$:17930
Escrevendo SAO PAULO$$$:17973
Escrevendo SAO PAULO$$$:18041
Escrevendo SAO PAULO$$$:18122
Escrevendo SAO PAULO$$$:18263
Escrevendo SAO PAULO$$$:18581
Escrevendo SAO PAULO$$$:18703
Escrevendo SAO PAULO$$$:18771
Escrevendo SAO PAULO$$$:18931
Escrevendo SAO PAULO$$$:18999
Escrevendo SAO PAULO$$$:19148
Escrevendo SAO PAULO$$$:19220
Escrevendo SAO PAULO$$$:19263
Escrevendo SAO PAULO$$$:19331
Escrevendo SAO PAULO$$$:19403
Escrevendo SAO PAULO$$$:19472
Escrevendo SAO PAULO$$$:19515
Escrevendo SAO PAULO$$$:19587
Escrevendo SAO PAULO$$$:19655
Escrevendo SAO PAULO$$$:19800
Escrevendo SAO PAULO$$$:20029
Escrevendo SAO PAULO$$$:20173
Escrevendo SAO PAULO$$$:20539
Escrevendo SAO PAULO$$$:20645
Escrevendo SAO PAULO$$$:20859
Escrevendo SAO PAULO$$$:21057
Escrevendo SAO PAULO$$$:21129
Escrevendo SAO PAULO$$$:21317
Escrevendo SAO PAULO$$$:21385
Escrevendo SAO PAULO$$$:21457
Escrevendo SAO PAULO$$$:21529
Escrevendo SAO PAULO$$$:21597
Escrevendo SAO PAULO$$$:21731
Escrevendo SAO PAULO$$$:22057
Escrevendo SAO PAULO$$$:22129
Escrevendo SAO PAULO$$$:22197
Escrevendo SAO PAULO$$$:22266
Escrevendo SAO PAULO$$$:22334
Escrevendo SAO PAULO$$$:22402
Escrevendo SAO PAULO$$$:22526
Escrevendo SAO PAULO$$$:22569
Escrevendo SAO PAULO$$$:22768
Escrevendo SAO PAULO$$$:22836
Escrevendo SAO PAULO$$$:22971
Escrevendo SAO PAULO$$$:23039
Escrevendo SAO PAULO$$$:23082
Escrevendo SAO PAULO$$$:23151
Escrevendo SAO PAULO$$$:23219
Escrevendo SAO PAULO$$$:23408
Escrevendo SAO PAULO$$$:23476
Escrevendo SAO PAULO$$$:23519
Escrevendo SAO PAULO$$$:23622
Escrevendo SAO PAULO$$$:23690
Escrevendo SAO PAULO$$$:23767
Escrevendo SAO PAULO$$$:23835
Escrevendo SAO PAULO$$$:23903
Escrevendo SAO PAULO$$$:23971
Escrevendo SAO PAULO$$$:24402
Escrevendo SAO PAULO$$$:24608
Escrevendo SAO PAULO$$$:24676
Escrevendo SAO PAULO$$$:24748
Escrevendo SAO PAULO$$$:24816
Escrevendo SAO PAULO$$$:24897
Escrevendo SAO PAULO$$$:24965
Escrevendo SAO PAULO$$$:25475
Escrevendo SAO PAULO$$$:25544
Escrevendo SAO PAULO$$$:25612
Escrevendo SAO PAULO$$$:25766
Escrevendo SAO PAULO$$$:25834
Escrevendo SAO PAULO$$$:26226
Escrevendo SAO PAULO$$$:26363
Escrevendo SAO PAULO$$$:26431
Escrevendo SAO PAULO$$$:26500
Escrevendo SAO PAULO$$$:26581
Escrevendo SAO PAULO$$$:26649
Escrevendo SAO PAULO$$$:26717
Escrevendo SAO PAULO$$$:26980
Escrevendo SAO PAULO$$$:27118
Escrevendo SAO PAULO$$$:27247
Escrevendo SAO PAULO$$$:27383
Escrevendo SAO PAULO$$$:27451
Escrevendo SAO PAULO$$$:27523
Escrevendo SAO PAULO$$$:27591
Escrevendo SAO PAULO$$$:27800
Escrevendo SAO PAULO$$$:28448
Escrevendo SAO PAULO$$$:28520
Escrevendo SAO PAULO$$$:28563
Escrevendo SAO PAULO$$$:28708
Escrevendo SAO PAULO$$$:28776
Escrevendo SAO PAULO$$$:28844
Escrevendo SAO PAULO$$$:28988
Escrevendo SAO PAULO$$$:29124
Escrevendo SAO PAULO$$$:29184
Escrevendo SAO PAULO$$$:29394
Escrevendo SAO PAULO$$$:29631
Escrevendo SAO PAULO$$$:29806
Escrevendo SAO PAULO$$$:29944
Escrevendo SAO PAULO$$$:30012
Escrevendo SAO PAULO$$$:30155
Escrevendo SAO PAULO$$$:30223
Escrevendo SAO PAULO$$$:30574
Escrevendo SAO PAULO$$$:30717
Escrevendo SAO PAULO$$$:30829
Escrevendo SAO PAULO$$$:30944
Escrevendo SAO PAULO$$$:31040
Escrevendo SAO PAULO$$$:31083
Escrevendo SAO PAULO$$$:31309
Escrevendo SAO PAULO$$$:31377
Escrevendo SAO PAULO$$$:31445
Escrevendo SAO PAULO$$$:31551
Escrevendo SAO PAULO$$$:31619
Escrevendo SAO PAULO$$$:31754
Escrevendo SAO PAULO$$$:31822
Escrevendo SAO PAULO$$$:32118
Escrevendo SAO PAULO$$$:32186
Escrevendo SAO PAULO$$$:32254
Escrevendo SAO PAULO$$$:32462
Escrevendo SAO PAULO$$$:32744
Escrevendo SAO PAULO$$$:32878
Escrevendo SAO PAULO$$$:33082
Escrevendo SAO PAULO$$$:33489
Escrevendo SAO PAULO$$$:33699
Escrevendo SAO PAULO$$$:33767
Escrevendo SAO PAULO$$$:33854
Escrevendo SAO PAULO$$$:33994
Escrevendo SAO PAULO$$$:34230
Escrevendo SAO PAULO$$$:34302
Escrevendo SAO PAULO$$$:34345
Escrevendo SAO PAULO$$$:34454
Escrevendo SAO PAULO$$$:34524
Escrevendo SAO PAULO$$$:34892
Escrevendo SAO PAULO$$$:34985
Escrevendo SAO PAULO$$$:35127
Escrevendo SAO PAULO$$$:35199
Escrevendo SAO PAULO$$$:35337
Escrevendo SAO PAULO$$$:35487
Escrevendo SAO PAULO$$$:35660
Escrevendo SAO PAULO$$$:35768
Escrevendo SAO PAULO$$$:35970
Escrevendo SAO PAULO$$$:36173
Escrevendo SAO PAULO$$$:36472
Escrevendo SAO PAULO$$$:36544
Escrevendo SAO PAULO$$$:36646
Escrevendo SAO PAULO$$$:36718
Escrevendo SAO PAULO$$$:36820
Escrevendo SAO PAULO$$$:37072
Escrevendo SAO PAULO$$$:37210
Escrevendo SAO PAULO$$$:37278
Escrevendo SAO PAULO$$$:37371
Escrevendo SAO PAULO$$$:37481
Escrevendo SAO PAULO$$$:37549
Escrevendo SAO PAULO$$$:37617
Escrevendo SAO PAULO$$$:37689
Escrevendo SAO PAULO$$$:37757
Escrevendo SAO PAULO$$$:37825
Escrevendo SAO PAULO$$$:37964
Escrevendo SAO PAULO$$$:38032
Escrevendo SAO PAULO$$$:38104
Escrevendo SAO PAULO$$$:38172
Escrevendo SAO PAULO$$$:38366
Escrevendo SAO PAULO$$$:38540
Escrevendo SAO PAULO$$$:38893
Escrevendo SAO PAULO$$$:39033
Escrevendo SAO PAULO$$$:39267
Escrevendo SAO PAULO$$$:39394
Escrevendo SAO PAULO$$$:39463
Escrevendo SAO PAULO$$$:39531
Escrevendo SAO PAULO$$$:39603
Escrevendo SAO PAULO$$$:39671
Escrevendo SAO PAULO$$$:39739
Escrevendo SAO PAULO$$$:39876
Escrevendo SAO PAULO$$$:40151
Escrevendo SAO PAULO$$$:40219
Escrevendo SAO PAULO$$$:40287
Escrevendo SAO PAULO$$$:40355
Escrevendo SAO PAULO$$$:40423
Escrevendo SAO PAULO$$$:40491
Escrevendo SAO PAULO$$$:40593
Escrevendo SAO PAULO$$$:40799
Escrevendo SAO PAULO$$$:40873
Escrevendo SAO PAULO$$$:40916
Escrevendo SAO PAULO$$$:40985
Escrevendo SAO PAULO$$$:41298
Escrevendo SAO PAULO$$$:41436
Escrevendo SAO PAULO$$$:41479
Escrevendo SAO PAULO$$$:41572
Escrevendo SAO PAULO$$$:41640
Escrevendo SAO PAULO$$$:41742
Escrevendo SAO PAULO$$$:42025
Escrevendo SAO PAULO$$$:42439
Escrevendo SAO PAULO$$$:42532
Escrevendo SAO PAULO$$$:42910
Escrevendo SAO PAULO$$$:42953
Escrevendo SAO PAULO$$$:43043
Escrevendo SAO PAULO$$$:43111
Escrevendo SAO PAULO$$$:43201
Escrevendo SAO PAULO$$$:43291
Escrevendo SAO PAULO$$$:43427
Escrevendo SAO PAULO$$$:43609
Escrevendo SAO PAULO$$$:43741
Escrevendo SAO PAULO$$$:43909
Escrevendo SAO PAULO$$$:44210
Escrevendo SAO PAULO$$$:44420
Escrevendo SAO PAULO$$$:44697
Escrevendo SAO PAULO$$$:44769
Escrevendo SAO PAULO$$$:44812
Escrevendo SAO PAULO$$$:44905
Escrevendo SAO PAULO$$$:44977
Escrevendo SAO PAULO$$$:45128
Escrevendo SAO PAULO$$$:45221
Escrevendo SAO PAULO$$$:45383
Escrevendo SAO PAULO$$$:45674
Escrevendo SAO PAULO$$$:46044
Escrevendo SAO PAULO$$$:46087
Escrevendo SAO PAULO$$$:46231
Escrevendo SAO PAULO$$$:46299
Escrevendo SAO PAULO$$$:46448
Escrevendo SAO PAULO$$$:46581
Escrevendo SAO PAULO$$$:46624
Escrevendo SAO PAULO$$$:46667
Escrevendo SAO PAULO$$$:46806
Escrevendo SAO PAULO$$$:46944
Escrevendo SAO PAULO$$$:47090
Escrevendo SAO PAULO$$$:47158
Escrevendo SAO PAULO$$$:47226
Escrevendo SAO PAULO$$$:47328
Escrevendo SAO PAULO$$$:47534
Escrevendo SAO PAULO$$$:48024
Escrevendo SAO PAULO$$$:48092
Escrevendo SAO PAULO$$$:48230
Escrevendo SAO PAULO$$$:48378
Escrevendo SAO PAULO$$$:48446
Escrevendo SAO PAULO$$$:48514
Escrevendo SAO PAULO$$$:48595
Escrevendo SAO PAULO$$$:48776
Escrevendo SAO PAULO$$$:48913
Escrevendo SAO PAULO$$$:49117
Escrevendo SAO PAULO$$$:49232
Escrevendo SAO PAULO$$$:49445
Escrevendo SAO PAULO$$$:49517
Escrevendo SAO PAULO$$$:49585
Escrevendo SAO PAULO$$$:49713
Escrevendo SAO PAULO$$$:49781
Escrevendo SAO PAULO$$$:49936
Escrevendo SAO PAULO$$$:50004
Escrevendo SAO PAULO$$$:50088
Escrevendo SAO PAULO$$$:50148
Escrevendo SAO PAULO$$$:50220
Escrevendo SAO PAULO$$$:50288
Escrevendo SAO PAULO$$$:50356
Escrevendo SAO PAULO$$$:50424
Escrevendo SAO PAULO$$$:50559
Escrevendo SAO PAULO$$$:50627
Escrevendo SAO PAULO$$$:50695
Escrevendo SAO PAULO$$$:50941
Escrevendo SAO PAULO$$$:51009
Escrevendo SAO PAULO$$$:51111
Escrevendo SAO PAULO$$$:51179
Escrevendo SAO PAULO$$$:51247
Escrevendo SAO PAULO$$$:51315
Escrevendo SAO PAULO$$$:51585
Escrevendo SAO PAULO$$$:51687
Escrevendo SAO PAULO$$$:51916
Escrevendo SAO PAULO$$$:51984
Escrevendo SAO PAULO$$$:52121
Escrevendo SAO PAULO$$$:52237
Escrevendo SAO PAULO$$$:52305
Escrevendo SAO PAULO$$$:52450
Escrevendo SAO PAULO$$$:52493
Escrevendo SAO PAULO$$$:52822
Escrevendo SAO PAULO$$$:52961
Escrevendo SAO PAULO$$$:53111
Escrevendo SAO PAULO$$$:53179
Escrevendo SAO PAULO$$$:53380
Escrevendo SAO PAULO$$$:53612
Escrevendo SAO PAULO$$$:53748
Escrevendo SAO PAULO$$$:53816
Escrevendo SAO PAULO$$$:53990
Escrevendo SAO PAULO$$$:54142
Escrevendo SAO PAULO$$$:54253
Escrevendo SAO PAULO$$$:54325
Escrevendo SAO PAULO$$$:54393
Escrevendo SAO PAULO$$$:54752
Escrevendo SAO PAULO$$$:54795
Escrevendo SAO PAULO$$$:54933
Escrevendo SAO PAULO$$$:55001
Escrevendo SAO PAULO$$$:55213
Escrevendo SAO PAULO$$$:55303
Escrevendo SAO PAULO$$$:55372
Escrevendo SAO PAULO$$$:55444
Escrevendo SAO PAULO$$$:55546
Escrevendo SAO PAULO$$$:55908
Escrevendo SAO PAULO$$$:56152
Escrevendo SAO PAULO$$$:56270
Escrevendo SAO PAULO$$$:56338
Escrevendo SAO PAULO$$$:56485
Escrevendo SAO PAULO$$$:56622
Escrevendo SAO PAULO$$$:56694
Escrevendo SAO PAULO$$$:56811
Escrevendo SAO PAULO$$$:56879
Escrevendo SAO PAULO$$$:56947
Escrevendo SAO PAULO$$$:57015
Escrevendo SAO PAULO$$$:57432
Escrevendo SAO PAULO$$$:57559
Escrevendo SAO PAULO$$$:57627
Escrevendo SAO PAULO$$$:57826
Escrevendo SAO PAULO$$$:57894
Escrevendo SAO PAULO$$$:58039
Escrevendo SAO PAULO$$$:58111
Escrevendo SAO PAULO$$$:58179
Escrevendo SAO PAULO$$$:58324
Escrevendo SAO PAULO$$$:58392
Escrevendo SAO PAULO$$$:58612
Escrevendo SAO PAULO$$$:58928
Escrevendo SAO PAULO$$$:59000
Escrevendo SAO PAULO$$$:59175
Escrevendo SAO PAULO$$$:59513
Escrevendo SAO PAULO$$$:59581
Escrevendo SAO PAULO$$$:59751
Escrevendo SAO PAULO$$$:59819
Escrevendo SAO PAULO$$$:59891
Escrevendo SAO PAULO$$$:59959
Escrevendo SAO PAULO$$$:60027
Escrevendo SAO PAULO$$$:60095
Escrevendo SAO PAULO$$$:60303
Escrevendo SAO PAULO$$$:60493
Escrevendo SAO PAULO$$$:60565
Escrevendo SAO PAULO$$$:60634
Escrevendo SAO PAULO$$$:60789
Escrevendo SAO PAULO$$$:60857
Escrevendo SAO PAULO$$$:60991
Escrevendo SAO PAULO$$$:61059
Escrevendo SAO PAULO$$$:61127
Escrevendo SAO PAULO$$$:61263
Escrevendo SAO PAULO$$$:61331
Escrevendo SAO PAULO$$$:61540
Escrevendo SAO PAULO$$$:61608
Escrevendo SAO PAULO$$$:61829
Escrevendo SAO PAULO$$$:62063
Escrevendo SAO PAULO$$$:62132
Escrevendo SAO PAULO$$$:62234
Escrevendo SAO PAULO$$$:62324
Escrevendo SAO PAULO$$$:62392
Escrevendo SAO PAULO$$$:62523
Escrevendo SAO PAULO$$$:62625
Escrevendo SAO PAULO$$$:62715
Escrevendo SAO PAULO$$$:62783
Escrevendo SAO PAULO$$$:62929
Escrevendo SAO PAULO$$$:63248
Escrevendo SAO PAULO$$$:63291
Escrevendo SAO PAULO$$$:63430
Escrevendo SAO PAULO$$$:63569
Escrevendo SAO PAULO$$$:63641
Escrevendo SAO PAULO$$$:63709
Escrevendo SAO PAULO$$$:63777
Escrevendo SAO PAULO$$$:63845
Escrevendo SAO PAULO$$$:64050
Escrevendo SAO PAULO$$$:64118
Escrevendo SAO PAULO$$$:64187
Escrevendo SAO PAULO$$$:64259
Escrevendo SAO PAULO$$$:64331
Escrevendo SAO PAULO$$$:64599
Escrevendo SAO PAULO$$$:64642
Escrevendo SAO PAULO$$$:64757
Escrevendo SAO PAULO$$$:65195
Escrevendo SAO PAULO$$$:65347
Escrevendo SAO PAULO$$$:65415
Escrevendo SAO PAULO$$$:65921
Escrevendo SAO PAULO$$$:66065
Escrevendo SAO PAULO$$$:66133
Escrevendo SAO PAULO$$$:66272
Escrevendo SAO PAULO$$$:66344
Escrevendo SAO PAULO$$$:66412
Escrevendo SAO PAULO$$$:66480
Escrevendo SAO PAULO$$$:66632
Escrevendo SAO PAULO$$$:66700
Escrevendo SAO PAULO$$$:66870
Escrevendo SAO PAULO$$$:66938
Escrevendo SAO PAULO$$$:67073
Escrevendo SAO PAULO$$$:67206
Escrevendo SAO PAULO$$$:67486
Escrevendo SAO PAULO$$$:67563
Escrevendo SAO PAULO$$$:67631
Escrevendo SAO PAULO$$$:67868
Escrevendo SAO PAULO$$$:67970
Escrevendo SAO PAULO$$$:68038
Escrevendo SAO PAULO$$$:68106
Escrevendo SAO PAULO$$$:68174
Escrevendo SAO PAULO$$$:68301
Escrevendo SAO PAULO$$$:68506
Escrevendo SAO PAULO$$$:68778
Escrevendo SAO PAULO$$$:68846
Escrevendo SAO PAULO$$$:68915
Escrevendo SAO PAULO$$$:68984
Escrevendo SAO PAULO$$$:69052
Escrevendo SAO PAULO$$$:69120
Escrevendo SAO PAULO$$$:69371
Escrevendo SAO PAULO$$$:69473
Escrevendo SAO PAULO$$$:69545
Escrevendo SAO PAULO$$$:69613
Escrevendo SAO PAULO$$$:69681
Escrevendo SAO PAULO$$$:69908
Escrevendo SAO PAULO$$$:70099
Escrevendo SAO PAULO$$$:70183
Escrevendo SAO PAULO$$$:70269
Escrevendo SAO PAULO$$$:70362
Escrevendo SAO PAULO$$$:70727
Escrevendo SAO PAULO$$$:70931
Escrevendo SAO PAULO$$$:71064
Escrevendo SAO PAULO$$$:71136
Escrevendo SAO PAULO$$$:71339
Escrevendo SAO PAULO$$$:71407
Escrevendo SAO PAULO$$$:71608
Escrevendo SAO PAULO$$$:71816
Escrevendo SAO PAULO$$$:72166
Escrevendo SAO PAULO$$$:72421
Escrevendo SAO PAULO$$$:72489
Escrevendo SAO PAULO$$$:72557
Escrevendo SAO PAULO$$$:72692
Escrevendo SAO PAULO$$$:72831
Escrevendo SAO PAULO$$$:72899
Escrevendo SAO PAULO$$$:72967
Escrevendo SAO PAULO$$$:73035
Escrevendo SAO PAULO$$$:73162
Escrevendo SAO PAULO$$$:73230
Escrevendo SAO PAULO$$$:73298
Escrevendo SAO PAULO$$$:73522
Escrevendo SAO PAULO$$$:73664
Escrevendo SAO PAULO$$$:73811
Escrevendo SAO PAULO$$$:73913
Escrevendo SAO PAULO$$$:74003
Escrevendo SAO PAULO$$$:74183
Escrevendo SAO PAULO$$$:74498
Escrevendo SAO PAULO$$$:74575
Escrevendo SAO PAULO$$$:74715
Escrevendo SAO PAULO$$$:74851
Escrevendo SAO PAULO$$$:74991
Escrevendo SAO PAULO$$$:75182
Escrevendo SAO PAULO$$$:75425
Escrevendo SAO PAULO$$$:75531
Escrevendo SAO PAULO$$$:75633
Escrevendo SAO PAULO$$$:75676
Escrevendo SAO PAULO$$$:75824
Escrevendo SAO PAULO$$$:75892
Escrevendo SAO PAULO$$$:75960
Escrevendo SAO PAULO$$$:76250
Escrevendo SAO PAULO$$$:76293
Escrevendo SAO PAULO$$$:76389
Escrevendo SAO PAULO$$$:76525
Escrevendo SAO PAULO$$$:76568
Escrevendo SAO PAULO$$$:76636
Escrevendo SAO PAULO$$$:76769
Escrevendo SAO PAULO$$$:76837
Escrevendo SAO PAULO$$$:76975
Escrevendo SAO PAULO$$$:77111
Escrevendo SAO PAULO$$$:77183
Escrevendo SAO PAULO$$$:77318
Escrevendo SAO PAULO$$$:77386
Escrevendo SAO PAULO$$$:77479
Escrevendo SAO PAULO$$$:77547
Escrevendo SAO PAULO$$$:77615
Escrevendo SAO PAULO$$$:77683
Escrevendo SAO PAULO$$$:77786
Escrevendo SAO PAULO$$$:77989
Escrevendo SAO PAULO$$$:78138
Escrevendo SAO PAULO$$$:78853
Escrevendo SAO PAULO$$$:78992
Escrevendo SAO PAULO$$$:79035
Escrevendo SAO PAULO$$$:79103
Escrevendo SAO PAULO$$$:79307
Escrevendo SAO PAULO$$$:79379
Escrevendo SAO PAULO$$$:79516
Escrevendo SAO PAULO$$$:79618
Escrevendo SAO PAULO$$$:79686
Escrevendo SAO PAULO$$$:79758
Escrevendo SAO PAULO$$$:80073
Escrevendo SAO PAULO$$$:80294
Escrevendo SAO PAULO$$$:80363
Escrevendo SAO PAULO$$$:80435
Escrevendo SAO PAULO$$$:80503
Escrevendo SAO PAULO$$$:80705
Escrevendo SAO PAULO$$$:80842
Escrevendo SAO PAULO$$$:81076
Escrevendo SAO PAULO$$$:81570
Escrevendo SAO PAULO$$$:81672
Escrevendo SAO PAULO$$$:81847
Escrevendo SAO PAULO$$$:81915
Escrevendo SAO PAULO$$$:82124
Escrevendo SAO PAULO$$$:82374
Escrevendo SAO PAULO$$$:82476
Escrevendo SAO PAULO$$$:82544
Escrevendo SAO PAULO$$$:82612
Escrevendo SAO PAULO$$$:82714
Escrevendo SAO PAULO$$$:82804
Escrevendo SAO PAULO$$$:82872
Escrevendo SAO PAULO$$$:82978
Escrevendo SAO PAULO$$$:83047
Escrevendo SAO PAULO$$$:83134
Escrevendo SAO PAULO$$$:83203
Escrevendo SAO PAULO$$$:83342
Escrevendo SAO PAULO$$$:83410
Escrevendo SAO PAULO$$$:83478
Escrevendo SAO PAULO$$$:83547
Escrevendo SAO PAULO$$$:83615
Escrevendo SAO PAULO$$$:83683
Escrevendo SAO PAULO$$$:83929
Escrevendo SAO PAULO$$$:84076
Escrevendo SAO PAULO$$$:84212
Escrevendo SAO PAULO$$$:84458
Escrevendo SAO PAULO$$$:84592
Escrevendo SAO PAULO$$$:84867
Escrevendo SAO PAULO$$$:84948
Escrevendo SAO PAULO$$$:85113
Escrevendo SAO PAULO$$$:85185
Escrevendo SAO PAULO$$$:85530
Escrevendo SAO PAULO$$$:85911
Escrevendo SAO PAULO$$$:85979
Escrevendo SAO PAULO$$$:86047
Escrevendo SAO PAULO$$$:86313
Escrevendo SAO PAULO$$$:86385
Escrevendo SAO PAULO$$$:86453
Escrevendo SAO PAULO$$$:86588
Escrevendo SAO PAULO$$$:86797
Escrevendo SAO PAULO$$$:86998
Escrevendo SAO PAULO$$$:87243
Escrevendo SAO PAULO$$$:87311
Escrevendo SAO PAULO$$$:87520
Escrevendo SAO PAULO$$$:87588
Escrevendo SAO PAULO$$$:87656
Escrevendo SAO PAULO$$$:87791
Escrevendo SAO PAULO$$$:88017
Escrevendo SAO PAULO$$$:88292
Escrevendo SAO PAULO$$$:88427
Escrevendo SAO PAULO$$$:88499
Escrevendo SAO PAULO$$$:88793
Escrevendo SAO PAULO$$$:88861
Escrevendo SAO PAULO$$$:88967
Escrevendo SAO PAULO$$$:89046
Escrevendo SAO PAULO$$$:89161
Escrevendo SAO PAULO$$$:89296
Escrevendo SAO PAULO$$$:89435
Escrevendo SAO PAULO$$$:89578
Escrevendo SAO PAULO$$$:89680
Escrevendo SAO PAULO$$$:89748
Escrevendo SAO PAULO$$$:89973
Escrevendo SAO PAULO$$$:90054
Escrevendo SAO PAULO$$$:90122
Escrevendo SAO PAULO$$$:90325
Escrevendo SAO PAULO$$$:90512
Escrevendo SAO PAULO$$$:90639
Escrevendo SAO PAULO$$$:90779
Escrevendo SAO PAULO$$$:90889
Escrevendo SAO PAULO$$$:90961
Escrevendo SAO PAULO$$$:91270
Escrevendo SAO PAULO$$$:91313
Escrevendo SAO PAULO$$$:91381
Escrevendo SAO PAULO$$$:91604
Escrevendo SAO PAULO$$$:91690
Escrevendo SAO PAULO$$$:91759
Escrevendo SAO PAULO$$$:91827
Escrevendo SAO PAULO$$$:91895
Escrevendo SAO PAULO$$$:92152
Escrevendo SAO PAULO$$$:92220
Escrevendo SAO PAULO$$$:92301
Escrevendo SAO PAULO$$$:92369
Escrevendo SAO PAULO$$$:92437
Escrevendo SAO PAULO$$$:92585
Escrevendo SAO PAULO$$$:92657
Escrevendo SAO PAULO$$$:92725
Escrevendo SAO PAULO$$$:92768
Escrevendo SAO PAULO$$$:92836
Escrevendo SAO PAULO$$$:93020
Escrevendo SAO PAULO$$$:93122
Escrevendo SAO PAULO$$$:93212
Escrevendo SAO PAULO$$$:93388
Escrevendo SAO PAULO$$$:93457
Escrevendo SAO PAULO$$$:93525
Escrevendo SAO PAULO$$$:93956
Escrevendo SAO PAULO$$$:94155
Escrevendo SAO PAULO$$$:94223
Escrevendo SAO PAULO$$$:94374
Escrevendo SAO PAULO$$$:94511
Escrevendo SAO PAULO$$$:94583
Escrevendo SAO PAULO$$$:94720
Escrevendo SAO PAULO$$$:94788
Escrevendo SAO PAULO$$$:94856
Escrevendo SAO PAULO$$$:95126
Escrevendo SAO PAULO$$$:95304
Escrevendo SAO PAULO$$$:95372
Escrevendo SAO PAULO$$$:95474
Escrevendo SAO PAULO$$$:95555
Escrevendo SAO PAULO$$$:95828
Escrevendo SAO PAULO$$$:95968
Escrevendo SAO PAULO$$$:96036
Escrevendo SAO PAULO$$$:96189
Escrevendo SAO PAULO$$$:96257
Escrevendo SAO PAULO$$$:96656
Escrevendo SAO PAULO$$$:96725
Escrevendo SAO PAULO$$$:97057
Escrevendo SAO PAULO$$$:97254
Escrevendo SAO PAULO$$$:97405
Escrevendo SAO PAULO$$$:97518
Escrevendo SAO PAULO$$$:97608
Escrevendo SAO PAULO$$$:97895
Escrevendo SAO PAULO$$$:98514
Escrevendo SAO PAULO$$$:98616
Escrevendo SAO PAULO$$$:98764
Escrevendo SAO PAULO$$$:98832
Escrevendo SAO PAULO$$$:99003
Escrevendo SAO PAULO$$$:99139
Escrevendo SAO PAULO$$$:99211
Escrevendo SAO PAULO$$$:99652
Escrevendo SAO PAULO$$$:99726
Escrevendo SAO PAULO$$$:99973
Escrevendo SAO PAULO$$$:100126
Escrevendo SAO PAULO$$$:100308
Escrevendo SAO PAULO$$$:100389
Escrevendo SAO PAULO$$$:100457
Escrevendo SAO PAULO$$$:100529
Escrevendo SAO PAULO$$$:100833
Escrevendo SAO PAULO$$$:100960
Escrevendo SAO PAULO$$$:101028
Escrevendo SAO PAULO$$$:101165
Escrevendo SAO PAULO$$$:101237
Escrevendo SAO PAULO$$$:101305
Escrevendo SAO PAULO$$$:101506
Escrevendo SAO PAULO$$$:101691
Escrevendo SAO PAULO$$$:101759
Escrevendo SAO PAULO$$$:101861
Escrevendo SAO PAULO$$$:101933
Escrevendo SAO PEDRO$$$:14976
Escrevendo SAO PEDRO$$$:56080
Escrevendo SAO PEDRO$$$:65993
Escrevendo SAO RITA PAS:101574
Escrevendo SAO SEBASTIA:26116
Escrevendo SAO VICENTE$:7752
Escrevendo SAO VICENTE$:15377
Escrevendo SAO VICENTE$:24263
Escrevendo SAO VICENTE$:38739
Escrevendo SAO VICENTE$:58750
Escrevendo SAO VICENTE$:61915
Escrevendo SAO VICENTE$:71859
Escrevendo SAO VICENTE$:78764
Escrevendo SERTAOZINHO$:19946
Escrevendo SERTAOZINHO$:68432
Escrevendo SOROCABA$$$$:734
Escrevendo SOROCABA$$$$:6639
Escrevendo SOROCABA$$$$:12779
Escrevendo SOROCABA$$$$:18624
Escrevendo SOROCABA$$$$:21197
Escrevendo SOROCABA$$$$:31961
Escrevendo SOROCABA$$$$:38215
Escrevendo SOROCABA$$$$:48667
Escrevendo SOROCABA$$$$:55618
Escrevendo SOROCABA$$$$:90847
Escrevendo SUMARE$$$$$$:20927
Escrevendo SUMARE$$$$$$:71967
Escrevendo SUMARE$$$$$$:77858
Escrevendo SUZANO$$$$$$:856
Escrevendo SUZANO$$$$$$:10603
Escrevendo SUZANO$$$$$$:21665
Escrevendo SUZANO$$$$$$:25902
Escrevendo SUZANO$$$$$$:31151
Escrevendo SUZANO$$$$$$:32028
Escrevendo SUZANO$$$$$$:44078
Escrevendo SUZANO$$$$$$:50763
Escrevendo SUZANO$$$$$$:56557
Escrevendo SUZANO$$$$$$:70999
Escrevendo SUZANO$$$$$$:84526
Escrevendo SUZANO$$$$$$:87203
Escrevendo SUZANO$$$$$$:87413
Escrevendo SUZANO$$$$$$:91483
Escrevendo TABOAO DA SE:29462
Escrevendo TABOAO DA SE:33150
Escrevendo TABOAO DA SE:34181
Escrevendo TABOAO DA SE:40011
Escrevendo TABOAO DA SE:45264
Escrevendo TABOAO DA SE:52697
Escrevendo TABOAO DA SE:62851
Escrevendo TABOAO DA SE:72234
Escrevendo TABOAO DA SE:82296
Escrevendo TABOAO DA SE:86748
Escrevendo TABOAO DA SE:87943
Escrevendo TAQUARITUBA$:67412
Escrevendo TATUI$$$$$$$:4254
Escrevendo TATUI$$$$$$$:49053
Escrevendo TATUI$$$$$$$:95760
Escrevendo TAUBATE$$$$$:32392
Escrevendo TAUBATE$$$$$:34742
Escrevendo TAUBATE$$$$$:86678
Escrevendo TUPA$$$$$$$$:10064
Escrevendo TUPA$$$$$$$$:12698
Escrevendo UBATUBA$$$$$:1911
Escrevendo UBATUBA$$$$$:20713
Escrevendo UBATUBA$$$$$:32812
Escrevendo UBATUBA$$$$$:45974
Escrevendo UBATUBA$$$$$:93568
Escrevendo VALINHOS$$$$:7480
Escrevendo VALINHOS$$$$:95025
Escrevendo VINHEDO$$$$$:56010
Escrevendo VINHEDO$$$$$:79889
Escrevendo VINHEDO$$$$$:83997
Escrevendo VOTUPORANGA$:14647
Escrevendo VOTUPORANGA$:80145
13545.580000
